  StockAccount.cpp
c:\users\juhit\source\repos\bankingmanagement\bankingmanagement\bankingmanagement\stockaccount.cpp(14): warning C4005: '_CRT_SECURE_NO_WARNINGS': macro redefinition
  c:\users\juhit\source\repos\bankingmanagement\bankingmanagement\bankingmanagement\stockaccount.cpp(14): note: command-line arguments:  see previous definition of '_CRT_SECURE_NO_WARNINGS'
c:\users\juhit\source\repos\bankingmanagement\bankingmanagement\bankingmanagement\stockaccount.cpp(42): warning C4244: 'initializing': conversion from 'std::streamoff' to 'int', possible loss of data
c:\users\juhit\source\repos\bankingmanagement\bankingmanagement\bankingmanagement\stockaccount.cpp(132): warning C4244: 'argument': conversion from 'time_t' to 'unsigned int', possible loss of data
c:\users\juhit\source\repos\bankingmanagement\bankingmanagement\bankingmanagement\stockaccount.cpp(153): warning C4244: 'argument': conversion from 'time_t' to 'unsigned int', possible loss of data
c:\users\juhit\source\repos\bankingmanagement\bankingmanagement\bankingmanagement\stockaccount.cpp(279): warning C4244: 'argument': conversion from 'time_t' to 'unsigned int', possible loss of data
  BankingManagement.cpp
c:\users\juhit\source\repos\bankingmanagement\bankingmanagement\bankingmanagement\bankingmanagement.cpp(54): warning C4101: 'value': unreferenced local variable
StockAccount.obj : error LNK2019: unresolved external symbol _mxGetPr referenced in function "public: void __thiscall StockAccount::plotgraph(void)" (?plotgraph@StockAccount@@QAEXXZ)
StockAccount.obj : error LNK2019: unresolved external symbol _mxDestroyArray referenced in function "public: void __thiscall StockAccount::plotgraph(void)" (?plotgraph@StockAccount@@QAEXXZ)
StockAccount.obj : error LNK2019: unresolved external symbol _mxCreateDoubleMatrix_730 referenced in function "public: void __thiscall StockAccount::plotgraph(void)" (?plotgraph@StockAccount@@QAEXXZ)
StockAccount.obj : error LNK2019: unresolved external symbol _engEvalString referenced in function "public: void __thiscall StockAccount::plotgraph(void)" (?plotgraph@StockAccount@@QAEXXZ)
StockAccount.obj : error LNK2019: unresolved external symbol _engOpen referenced in function "public: void __thiscall StockAccount::plotgraph(void)" (?plotgraph@StockAccount@@QAEXXZ)
StockAccount.obj : error LNK2019: unresolved external symbol _engPutVariable referenced in function "public: void __thiscall StockAccount::plotgraph(void)" (?plotgraph@StockAccount@@QAEXXZ)
C:\Program Files\MATLAB\R2017b\extern\lib\win64\microsoft\libmx.lib : warning LNK4272: library machine type 'x64' conflicts with target machine type 'x86'
C:\Program Files\MATLAB\R2017b\extern\lib\win64\microsoft\libmex.lib : warning LNK4272: library machine type 'x64' conflicts with target machine type 'x86'
C:\Program Files\MATLAB\R2017b\extern\lib\win64\microsoft\libmat.lib : warning LNK4272: library machine type 'x64' conflicts with target machine type 'x86'
C:\Program Files\MATLAB\R2017b\extern\lib\win64\microsoft\libeng.lib : warning LNK4272: library machine type 'x64' conflicts with target machine type 'x86'
C:\Users\juhit\source\repos\bankingmanagement\BankingManagement\Debug\BankingManagement.exe : fatal error LNK1120: 6 unresolved externals
